<?xml version="1.0" encoding="UTF-8"?>
<testsuite xmlns:xsi="http://www.w3.org/2001/XMLSchema-instance" xsi:noNamespaceSchemaLocation="https://maven.apache.org/surefire/maven-surefire-plugin/xsd/surefire-test-report-3.0.xsd" version="3.0" name="plantbehavior.noRadiationTest" time="0.063" tests="4" errors="0" skipped="0" failures="0">
  <properties>
[...]
</properties>
  <testcase name="testToString" classname="plantbehavior.noRadiationTest" time="0.031"/>
  <testcase name="testChangeDeltatree" classname="plantbehavior.noRadiationTest" time="0.0"/>
  <testcase name="testChangeParabush" classname="plantbehavior.noRadiationTest" time="0.001"/>
  <testcase name="testChangePuffs" classname="plantbehavior.noRadiationTest" time="0.002"/>
</testsuite>